admin;ADMINISTRADOR;23-05-2023 09:17:06;Inici sessió: 28f5a80e-8e88-4d45-a3dd-1f6917f230ab
;;23-05-2023 09:17:40;Cadena xifrada: ag7d2g_6\g6gg\c5cd\2b55\`7eh`f7ab_23jp{%p!uj7:D:4aj?@>ajE:AFDaj`_ja_
;;23-05-2023 09:17:40;Resposta Xifrada: _jputvx% r~##tr%p|t}%j
;;23-05-2023 09:17:42;Alta producte fisic: fisic2
;;23-05-2023 09:17:49;Cadena xifrada: ag7d2g_6\g6gg\c5cd\2b55\`7eh`f7ab_23jr~}$&{%p!uj7:D:4a
;;23-05-2023 09:17:49;Resposta xifrada: _j7:D:4aj?@>ajE:AFDaj`_]_ja_
;;23-05-2023 09:17:49;Consulta producte fisic per fer modificacio amb referencia: fisic2
;;23-05-2023 09:18:00;Cadena xifrada: ag7d2g_6\g6gg\c5cd\2b55\`7eh`f7ab_23j|~sxuxrprx~!uj?@>bjE:AFDbjb__jb_j7:D:4a
;;23-05-2023 09:18:00;Resposta xifrada: _j|~sxuxrp% r~##tr%p|t}%
;;23-05-2023 09:18:02;Modificacio producte fisic amb refererencia: fisic2
;;23-05-2023 09:18:07;Cadena xifrada: ag7d2g_6\g6gg\c5cd\2b55\`7eh`f7ab_23jr~}$&{%p!uj7:D:4a
;;23-05-2023 09:18:07;Resposta xifrada: _j7:D:4aj?@>bjE:AFDbjb__]_jb_
;;23-05-2023 09:18:07;Consulta producte fisic amb referencia fisic2
;;23-05-2023 09:18:16;Cadena xifrada: ag7d2g_6\g6gg\c5cd\2b55\`7eh`f7ab_23jr~}$&{%p!uj7:D:4a
;;23-05-2023 09:18:16;Resposta xifrada: _j7:D:4aj?@>bjE:AFDbjb__]_jb_
;;23-05-2023 09:18:16;Consulta producte fisic per donar de baixa amb referencia fisic2
;;23-05-2023 09:18:17;Cadena xifrada: ag7d2g_6\g6gg\c5cd\2b55\`7eh`f7ab_23jqpx)p!uj7:D:4a
;;23-05-2023 09:18:17;Resposta xifrada: _jt$q~##p% r~##tr%p|t}%
;;23-05-2023 09:18:20;Baixa producte fisic amb referencia: fisic2
;;23-05-2023 09:18:25;Cadena xifrada: ag7d2g_6\g6gg\c5cd\2b55\`7eh`f7ab_23jr~}$&{%p!uj7:D:4a
;;23-05-2023 09:18:25;Resposta xifrada: 
;;23-05-2023 09:18:26;ERROR: durant Consulta producte fisic per donar de baixa amb referencia fisic2
admin;-1;23-05-2023 09:22:53;Error: Inici sessió
admin;ADMINISTRADOR;23-05-2023 09:23:26;Inici sessió: d6876a34-1c9c-448b-8103-c00f1c8cf487
;;23-05-2023 09:25:40;Finalització sessió: d6876a34-1c9c-448b-8103-c00f1c8cf487
admin;ADMINISTRADOR;23-05-2023 10:00:17;Inici sessió: 131a47da-bcfe-4418-904a-f3ce5a866e03
admin;ADMINISTRADOR;23-05-2023 11:53:32;Inici sessió: 6aadfa91-e275-435a-8b4b-132b41017504
;;23-05-2023 11:54:06;Error Alta usuari/a:testdavid@gmail.com
;;23-05-2023 11:54:16;Error Alta usuari/a:testdavid@gmail.com
;;23-05-2023 11:54:32;Finalització sessió: 6aadfa91-e275-435a-8b4b-132b41017504
admin;ADMINISTRADOR;23-05-2023 11:57:53;Inici sessió: 438f7688-75a5-4209-8574-e5e74cffde22
;;23-05-2023 11:58:18;Alta usuari/a: testdavid@gmail.com
admin;ADMINISTRADOR;23-05-2023 12:09:13;Inici sessió: 83789a13-f01d-44fb-9c65-4c23a4f134b2
;;23-05-2023 12:09:48;Modificació usuari/a: testdavid@gmail.com
;;23-05-2023 12:10:03;Consulta: testdavid@gmail.com
admin;ADMINISTRADOR;23-05-2023 12:12:49;Inici sessió: ec8e10ec-d7ce-4263-b9bb-b49bd94a53a2
admin;ADMINISTRADOR;23-05-2023 12:13:52;Inici sessió: c172aa8d-b5ec-48a0-b4bb-a2039fc295be
admin;ADMINISTRADOR;23-05-2023 12:15:55;Inici sessió: fa21c3b3-c167-46c9-9ff0-cec660498186
admin;ADMINISTRADOR;23-05-2023 12:17:48;Inici sessió: 4d6af650-53da-4d74-894a-9fa25a22f8ba
admin;ADMINISTRADOR;23-05-2023 12:27:32;Inici sessió: 32daefb8-4950-459a-836f-35239b86f18d
;;23-05-2023 12:27:56;Alta usuari/a: testdavidtea4@gmail.com
;;23-05-2023 12:28:07;Consulta: testdavidtea4@gmail.com
;;23-05-2023 16:45:29;Cadena xifrada: 6dda2df5\df56\c_g_\2355\2f6d5d_h5d53jp{%p!ujA=`jA=`jA=`ja_j`_
;;23-05-2023 16:45:29;Resposta Xifrada: _jputvx% r~##tr%p|t}%j
;;23-05-2023 16:45:30;Alta producte fisic: pl1
;;23-05-2023 16:45:36;Cadena xifrada: 6dda2df5\df56\c_g_\2355\2f6d5d_h5d53jr~}$&{%p!ujA=`
;;23-05-2023 16:45:36;Resposta xifrada: _jA=`jA=`jA=`ja_]_j`_
;;23-05-2023 16:45:36;Consulta producte fisic per fer modificacio amb referencia: pl1
;;23-05-2023 16:45:39;Cadena xifrada: 6dda2df5\df56\c_g_\2355\2f6d5d_h5d53j|~sxuxrprx~!ujA=ajA=`ja__j`_jA=`
;;23-05-2023 16:45:39;Resposta xifrada: _j|~sxuxrp% r~##tr%p|t}%
;;23-05-2023 16:45:40;Modificacio producte fisic amb refererencia: pl1
;;23-05-2023 16:45:46;Cadena xifrada: 6dda2df5\df56\c_g_\2355\2f6d5d_h5d53jr~}$&{%p!ujA=`
;;23-05-2023 16:45:46;Resposta xifrada: _jA=`jA=ajA=`ja__]_j`_
;;23-05-2023 16:45:46;Consulta producte fisic amb referencia pl1
;;23-05-2023 16:45:51;Cadena xifrada: 6dda2df5\df56\c_g_\2355\2f6d5d_h5d53jr~}$&{%p!ujA=`
;;23-05-2023 16:45:51;Resposta xifrada: _jA=`jA=ajA=`ja__]_j`_
;;23-05-2023 16:45:51;Consulta producte fisic per donar de baixa amb referencia pl1
;;23-05-2023 16:45:53;Cadena xifrada: 6dda2df5\df56\c_g_\2355\2f6d5d_h5d53jqpx)p!ujA=`
;;23-05-2023 16:45:53;Resposta xifrada: _jt$q~##p% r~##tr%p|t}%
;;23-05-2023 16:45:54;Baixa producte fisic amb referencia: pl1
admin;ADMINISTRADOR;23-05-2023 16:57:26;Inici sessió: 9cbb68fa-a066-48af-98d2-a4b072857759
;;23-05-2023 16:57:40;Cadena xifrada: h433eg72\2_ee\cg27\hg5a\2c3_fagdffdhjp{%p!{jA=ajA=ajA=aj`_jA=aj`_ja_ab\_d\ab
;;23-05-2023 16:57:40;Resposta xifrada: _jputvx% r~##tr%p|t}%j
;;23-05-2023 16:57:42;Alta producte logic: pl2
;;23-05-2023 16:57:47;Cadena xifrada: h433eg72\2_ee\cg27\hg5a\2c3_fagdffdhjr~}$&{%p!{jA=a
;;23-05-2023 16:57:47;Resposta xifrada: _jA=ajA=ajA=aj`_]__jA=aja_ab\_d\abj`_
;;23-05-2023 16:57:47;Consulta producte logic per fer modificacio amb referencia pl2
;;23-05-2023 16:57:50;Cadena xifrada: h433eg72\2_ee\cg27\hg5a\2c3_fagdffdhj|~sxuxrprx~!{jA=bjA=aj`___jA=aj`_ja_ab\_d\abjA=a
;;23-05-2023 16:57:50;Resposta xifrada: _j|~sxuxrp% r~##tr%p|t}%
;;23-05-2023 16:57:50;Modificacio del producte logic amb referencia: pl2
;;23-05-2023 16:57:57;Cadena xifrada: h433eg72\2_ee\cg27\hg5a\2c3_fagdffdhjr~}$&{%p!{jA=a
;;23-05-2023 16:57:57;Resposta xifrada: _jA=ajA=bjA=aj`___]__jA=aja_ab\_d\abj`_
;;23-05-2023 16:57:57;Consulta producte logic amb referencia pl2
;;23-05-2023 16:58:02;Cadena xifrada: h433eg72\2_ee\cg27\hg5a\2c3_fagdffdhjr~}$&{%p!{jA=a
;;23-05-2023 16:58:02;Resposta xifrada : _jA=ajA=bjA=aj`___]__jA=aja_ab\_d\abj`_
;;23-05-2023 16:58:02;Consulta producte lògic per fer Baixa amb referencia pl2
;;23-05-2023 16:58:03;Cadena xifrada: h433eg72\2_ee\cg27\hg5a\2c3_fagdffdhjqpx)p!{jA=a
;;23-05-2023 16:58:03;Resposta xifrada: _jt$q~##p% r~##tr%p|t}%
;;23-05-2023 16:58:04;Baixa producte logic amb referencia: pl2
admin;ADMINISTRADOR;23-05-2023 17:04:53;Inici sessió: a00d3201-305c-4ed5-8d2c-807d7e81122b

admin;ADMINISTRADOR;25-05-2023 12:24:02;Inici sessió: 05cfc423-9894-420f-8979-2d1e2b7f7714
;;25-05-2023 12:24:11;Cadena xifrada: _d474cab\hghc\ca_7\ghfh\a5`6a3f7ff`cjr~}$&{%p!{j'{r
;;25-05-2023 12:24:11;Resposta xifrada: _j'{rj'{rjC6AC@5F4E@Cj_]__j`]_ja_ab\`a\a_j`
;;25-05-2023 12:24:11;Consulta producte logic amb referencia VLC
;;25-05-2023 12:24:15;Cadena xifrada: _d474cab\hghc\ca_7\ghfh\a5`6a3f7ff`cjr~}$&{%p!{jG=4
;;25-05-2023 12:24:15;Resposta xifrada: 
;;25-05-2023 12:24:17;ERROR: Consulta producte logic amb referencia vlc
admin;ADMINISTRADOR;25-05-2023 13:06:40;Inici sessió: f323d9f9-10fb-4f14-b043-1341dca68323
;;25-05-2023 13:06:47;Cadena xifrada: 7bab5h7h\`_73\c7`c\3_cb\`bc`542egbabjr~}$&{%p!{j'{r
;;25-05-2023 13:06:47;Resposta xifrada: _j'{rj'{rjC6AC@5F4E@Cj_]__j`]_ja_ab\`a\a_j`
;;25-05-2023 13:06:47;Consulta producte logic amb referencia VLC
;;25-05-2023 13:06:47;Cadena xifrada: 7bab5h7h\`_73\c7`c\3_cb\`bc`542egbabjr~}$&{%p't#$x~j'{r
;;25-05-2023 13:06:48;Resposta xifrada: _jb]_]`g
;;25-05-2023 13:06:55;Versió disponible més moderna: 3.0.18
;;25-05-2023 13:07:00;Enviat correu electrónic a decentellas@gmail.com
admin;ADMINISTRADOR;25-05-2023 13:09:12;Inici sessió: a1d9a50e-c0f0-4d76-a4ea-edd6386e14f7
;;25-05-2023 13:09:18;Cadena xifrada: 2`5h2d_6\4_7_\c5fe\2c62\655ebge6`c7fjr~}$&{%p!{j'{r
;;25-05-2023 13:09:18;Resposta xifrada: _j'{rj'{rjC6AC@5F4E@Cj_]__j`]_ja_ab\`a\a_j`
;;25-05-2023 13:09:18;Consulta producte logic amb referencia VLC
;;25-05-2023 13:09:18;Cadena xifrada: 2`5h2d_6\4_7_\c5fe\2c62\655ebge6`c7fjr~}$&{%p't#$x~j'{r
;;25-05-2023 13:09:18;Resposta xifrada: _jb]_]`g
;;25-05-2023 13:09:18;Versió disponible més moderna: 3.0.18
;;25-05-2023 13:09:20;Enviat correu electrónic a decentellas@gmail.com
admin;ADMINISTRADOR;25-05-2023 13:10:52;Inici sessió: e5d9994e-4d95-46f7-a8d2-97d0920e45d6
;;25-05-2023 13:11:00;Cadena xifrada: 6d5hhhc6\c5hd\ce7f\2g5a\hf5_ha_6cd5ejr~}$&{%p!{j'{r
;;25-05-2023 13:11:00;Resposta xifrada: _j'{rj'{rjC6AC@5F4E@Cj_]__j`]_ja_ab\`a\a_j`
;;25-05-2023 13:11:00;Consulta producte logic amb referencia VLC
;;25-05-2023 13:11:00;Cadena xifrada: 6d5hhhc6\c5hd\ce7f\2g5a\hf5_ha_6cd5ejr~}$&{%p't#$x~j'{r
;;25-05-2023 13:11:00;Resposta xifrada: _jb]_]`g
;;25-05-2023 13:11:00;Versió disponible més moderna: 3.0.18
admin;ADMINISTRADOR;25-05-2023 13:22:00;Inici sessió: 03bc05f0-8f59-4384-86ab-b3043432d86a
;;25-05-2023 13:22:06;Cadena xifrada: _b34_d7_\g7dh\cbgc\ge23\3b_cbcba5ge2jr~}$&{%p!{j'{r
;;25-05-2023 13:22:06;Resposta xifrada: _j'{rj'{rjC6AC@5F4E@Cj_]__j`]_ja_ab\`a\a_j`
;;25-05-2023 13:22:06;Consulta producte logic amb referencia VLC
;;25-05-2023 13:22:06;Cadena xifrada: _b34_d7_\g7dh\cbgc\ge23\3b_cbcba5ge2jr~}$&{%p't#$x~j'{r
;;25-05-2023 13:22:06;Resposta xifrada: _jb]_]`g
;;25-05-2023 13:22:06;Versió disponible més moderna: 3.0.18
;;25-05-2023 13:22:17;Enviat correu electrónic a decentellas@gmail.com
admin;-1;26-05-2023 11:53:08;Error: Inici sessió
admin;ADMINISTRADOR;26-05-2023 11:53:17;Inici sessió: cc7e5d41-ee5c-4537-a9bf-ec81d0070a49
admin;ADMINISTRADOR;26-05-2023 11:55:00;Inici sessió: f957a0a6-51b4-44e2-92b6-b1a8369faff7
;;26-05-2023 11:55:21;Cadena xifrada: 7hdf2_2e\d`3c\cc6a\ha3e\3`2gbeh7277fjp{%p!uj)))***j!C@G2j!C@G2j`_j`_
;;26-05-2023 11:55:21;Resposta Xifrada: _jputvx% r~##tr%p|t}%j
;;26-05-2023 11:55:22;Alta producte fisic: XXXYYY
;;26-05-2023 11:55:42;Cadena xifrada: 7hdf2_2e\d`3c\cc6a\ha3e\3`2gbeh7277fjr~}$&{%p!uj)))***
;;26-05-2023 11:55:42;Resposta xifrada: _j)))***j!C@G2j!C@G2j`_]_j`_
;;26-05-2023 11:55:42;Consulta producte fisic per fer modificacio amb referencia: XXXYYY
;;26-05-2023 11:55:53;Cadena xifrada: 7hdf2_2e\d`3c\cc6a\ha3e\3`2gbeh7277fj|~sxuxrprx~!uj!C@G2`j!C@G2`j``_j``j)))***
;;26-05-2023 11:55:53;Resposta xifrada: _j|~sxuxrp% r~##tr%p|t}%
;;26-05-2023 11:55:54;Modificacio producte fisic amb refererencia: XXXYYY
;;26-05-2023 11:56:17;Cadena xifrada: 7hdf2_2e\d`3c\cc6a\ha3e\3`2gbeh7277fjr~}$&{%p!uj)))***
;;26-05-2023 11:56:17;Resposta xifrada: _j)))***j!C@G2`j!C@G2`j``_]_j``
;;26-05-2023 11:56:17;Consulta producte fisic amb referencia XXXYYY
;;26-05-2023 11:56:31;Cadena xifrada: 7hdf2_2e\d`3c\cc6a\ha3e\3`2gbeh7277fjr~}$&{%p!uj)))***
;;26-05-2023 11:56:31;Resposta xifrada: _j)))***j!C@G2`j!C@G2`j``_]_j``
;;26-05-2023 11:56:31;Consulta producte fisic per donar de baixa amb referencia XXXYYY
;;26-05-2023 11:56:33;Cadena xifrada: 7hdf2_2e\d`3c\cc6a\ha3e\3`2gbeh7277fjqpx)p!uj)))***
;;26-05-2023 11:56:33;Resposta xifrada: _jt$q~##p% r~##tr%p|t}%
;;26-05-2023 11:56:34;Baixa producte fisic amb referencia: XXXYYY
;;26-05-2023 11:57:22;Cadena xifrada: 7hdf2_2e\d`3c\cc6a\ha3e\3`2gbeh7277fjp{%p!{j)))***j!C@G2j!C@G2j`_j`]_j`_ja_ab\_d\`_
;;26-05-2023 11:57:22;Resposta xifrada: _jputvx% r~##tr%p|t}%j
;;26-05-2023 11:57:23;Alta producte logic: XXXYYY
;;26-05-2023 11:57:47;Cadena xifrada: 7hdf2_2e\d`3c\cc6a\ha3e\3`2gbeh7277fjr~}$&{%p!{j)))***
;;26-05-2023 11:57:47;Resposta xifrada: _j)))***j!C@G2j!C@G2j`_]__j`]_ja_ab\_d\`_j`_
;;26-05-2023 11:57:47;Consulta producte logic per fer modificacio amb referencia XXXYYY
;;26-05-2023 11:57:54;Cadena xifrada: 7hdf2_2e\d`3c\cc6a\ha3e\3`2gbeh7277fjr~}$&{%p!{j)))***
;;26-05-2023 11:57:54;Resposta xifrada: _j)))***j!C@G2j!C@G2j`_]__j`]_ja_ab\_d\`_j`_
;;26-05-2023 11:57:54;Consulta producte logic per fer modificacio amb referencia XXXYYY
;;26-05-2023 11:58:07;Cadena xifrada: 7hdf2_2e\d`3c\cc6a\ha3e\3`2gbeh7277fj|~sxuxrprx~!{j!C@G2`j!C@G2`j``__j``]_j``_ja_ad\_d\`_j)))***
;;26-05-2023 11:58:07;Resposta xifrada: _j|~sxuxrp% r~##tr%p|t}%
;;26-05-2023 11:58:08;Modificacio del producte logic amb referencia: XXXYYY
;;26-05-2023 11:58:23;Cadena xifrada: 7hdf2_2e\d`3c\cc6a\ha3e\3`2gbeh7277fjr~}$&{%p!{j)))***
;;26-05-2023 11:58:23;Resposta xifrada: _j)))***j!C@G2`j!C@G2`j``__]__j``]_ja_ad\_d\`_j``_
;;26-05-2023 11:58:23;Consulta producte logic amb referencia XXXYYY
;;26-05-2023 11:58:35;Cadena xifrada: 7hdf2_2e\d`3c\cc6a\ha3e\3`2gbeh7277fjr~}$&{%p!{j)))***
;;26-05-2023 11:58:35;Resposta xifrada : _j)))***j!C@G2`j!C@G2`j``__]__j``]_ja_ad\_d\`_j``_
;;26-05-2023 11:58:35;Consulta producte lògic per fer Baixa amb referencia XXXYYY
;;26-05-2023 11:58:38;Cadena xifrada: 7hdf2_2e\d`3c\cc6a\ha3e\3`2gbeh7277fjqpx)p!{j)))***
;;26-05-2023 11:58:38;Resposta xifrada: _jt$q~##p% r~##tr%p|t}%
;;26-05-2023 11:58:39;Baixa producte logic amb referencia: XXXYYY
;;26-05-2023 11:59:47;Cadena xifrada: 7hdf2_2e\d`3c\cc6a\ha3e\3`2gbeh7277fjr~}$&{%p!{j'{r
;;26-05-2023 11:59:47;Resposta xifrada: _j'{rj'{rjC6AC@5F4E@Cj_]__j`]_ja_ab\`a\a_j`
;;26-05-2023 11:59:47;Consulta producte logic amb referencia VLC
;;26-05-2023 11:59:47;Cadena xifrada: 7hdf2_2e\d`3c\cc6a\ha3e\3`2gbeh7277fjr~}$&{%p't#$x~j'{r
;;26-05-2023 11:59:49;Resposta xifrada: _jb]_]`g
;;26-05-2023 11:59:49;Versió disponible més moderna: 3.0.18
admin;ADMINISTRADOR;26-05-2023 18:34:54;Inici sessió: 3233b9a8-4aaf-4212-8d75-65c1352b4d61
admin;ADMINISTRADOR;26-05-2023 18:39:51;Inici sessió: 59651dfa-ecaf-4771-914f-f8a6d2975487
;;26-05-2023 18:41:26;Finalització sessió: 59651dfa-ecaf-4771-914f-f8a6d2975487
admin;ADMINISTRADOR;26-05-2023 18:41:32;Inici sessió: 6544db61-bffa-4532-b468-75bd821dfee1
admin;ADMINISTRADOR;29-05-2023 14:30:47;Inici sessió: 6537a0d1-ccca-4bab-b362-7d62377973c4
;;29-05-2023 14:31:15;Alta usuari/a: prova1@gmail.com
